<?xml version="1.0" encoding="UTF-8"?>
<!-- Generated by org.testng.reporters.JUnitXMLReporter -->
<testsuite ignored="0" hostname="DELL" failures="1" tests="2" name="Test" time="0.114" errors="0" timestamp="2022-09-15T12:28:48 IST">
  <testcase classname="testcases.NewTest2" name="f" time="0.023"/>
  <testcase classname="testcases.NewTest1" name="f" time="0.008">
    <failure type="java.lang.AssertionError" message="Titles of the website do not match expected [expectedTitle] but found [originalTitle]">
      <![CDATA[java.lang.AssertionError: Titles of the website do not match expected [expectedTitle] but found [originalTitle]
at testcases.NewTest1.f(NewTest1.java:11)
at java.base/java.util.ArrayList.forEach(ArrayList.java:1511)
... Removed 30 stack frames]]>
    </failure>
  </testcase> <!-- f -->
</testsuite> <!-- Test -->
